<?xml version="1.0" encoding="UTF-8"?>
<!-- Generated by org.testng.reporters.JUnitReportReporter -->
<testsuite skipped="0" hostname="LAPTOP-PQ662OH2" name="tests.HomePageTests" tests="4" failures="0" timestamp="2021-12-18T19:51:26 IST" time="0.181" errors="0">
  <testcase name="verifyHomePageTitle" time="0.008" classname="tests.HomePageTests"/>
  <system-out/>
  <testcase name="verifyNewArrivalsEnabled" time="0.032" classname="tests.HomePageTests"/>
  <system-out/>
  <testcase name="verifyFirstBookTitle" time="0.055" classname="tests.HomePageTests"/>
  <system-out/>
  <testcase name="verifyNewArrivalsDisplayed" time="0.086" classname="tests.HomePageTests"/>
  <system-out/>
</testsuite> <!-- tests.HomePageTests -->
